Using pre-set license
Built from '2020.2/staging' branch; Version is '2020.2.7f1 (c53830e277f1) revision 12924976'; Using compiler version '192528614'; Build Type 'Release'
OS: 'Windows 10 Home; OS build 19042.928; Version 2009; 64bit' Language: 'en' Physical Memory: 16300 MB
BatchMode: 1, IsHumanControllingUs: 0, StartBugReporterOnCrash: 0, Is64bit: 1, IsPro: 0

 COMMAND LINE ARGUMENTS:
C:\Program Files\Unity\Hub\Editor\2020.2.7f1\Editor\Unity.exe
-adb2
-batchMode
-noUpm
-name
AssetImportWorker0
-projectPath
C:/Users/pablo/Desktop/Rubys_Adventure_FinalVersion
-logFile
Logs/AssetImportWorker0.log
-srvPort
54049
Successfully changed project path to: C:/Users/pablo/Desktop/Rubys_Adventure_FinalVersion
C:/Users/pablo/Desktop/Rubys_Adventure_FinalVersion
Using Asset Import Pipeline V2.
Refreshing native plugins compatible for Editor in 25.54 ms, found 0 plugins.
Preloading 0 native plugins for Editor in 0.00 ms.
Initialize engine version: 2020.2.7f1 (c53830e277f1)
[Subsystems] Discovering subsystems at path C:/Program Files/Unity/Hub/Editor/2020.2.7f1/Editor/Data/Resources/UnitySubsystems
[Subsystems] Discovering subsystems at path C:/Users/pablo/Desktop/Rubys_Adventure_FinalVersion/Assets
GfxDevice: creating device client; threaded=0
Direct3D:
    Version:  Direct3D 11.0 [level 11.1]
    Renderer: NVIDIA GeForce RTX 2080 SUPER (ID=0x1e81)
    Vendor:   
    VRAM:     8010 MB
    Driver:   27.21.14.5671
Initialize mono
Mono path[0] = 'C:/Program Files/Unity/Hub/Editor/2020.2.7f1/Editor/Data/Managed'
Mono path[1] = 'C:/Program Files/Unity/Hub/Editor/2020.2.7f1/Editor/Data/MonoBleedingEdge/lib/mono/unityjit'
Mono config path = 'C:/Program Files/Unity/Hub/Editor/2020.2.7f1/Editor/Data/MonoBleedingEdge/etc'
Using monoOptions --debugger-agent=transport=dt_socket,embedding=1,server=y,suspend=n,address=127.0.0.1:56100
Begin MonoManager ReloadAssembly
Registering precompiled unity dll's ...
Register platform support module: C:/Program Files/Unity/Hub/Editor/2020.2.7f1/Editor/Data/PlaybackEngines/WindowsStandaloneSupport/UnityEditor.WindowsStandalone.Extensions.dll
Registered in 0.001873 seconds.
Native extension for WindowsStandalone target not found
Refreshing native plugins compatible for Editor in 26.11 ms, found 0 plugins.
Preloading 0 native plugins for Editor in 0.00 ms.
Invoked RoslynAnalysisRunner static constructor.
RoslynAnalysisRunner will not be running.
RoslynAnalysisRunner has terminated.
Mono: successfully reloaded assembly
- Completed reload, in  0.791 seconds
Platform modules already initialized, skipping
Registering precompiled user dll's ...
Registered in 0.001151 seconds.
Begin MonoManager ReloadAssembly
Native extension for WindowsStandalone target not found
Refreshing native plugins compatible for Editor in 0.29 ms, found 0 plugins.
Preloading 0 native plugins for Editor in 0.00 ms.
Invoked RoslynAnalysisRunner static constructor.
RoslynAnalysisRunner will not be running.
RoslynAnalysisRunner has terminated.
Mono: successfully reloaded assembly
- Completed reload, in  0.670 seconds
Platform modules already initialized, skipping
========================================================================
Worker process is ready to serve import requests
Launched and connected shader compiler UnityShaderCompiler.exe after 0.04 seconds
Refreshing native plugins compatible for Editor in 0.29 ms, found 0 plugins.
Preloading 0 native plugins for Editor in 0.00 ms.
Unloading 1142 Unused Serialized files (Serialized files now loaded: 0)
System memory in use before: 60.1 MB.
System memory in use after: 60.2 MB.

Unloading 9 unused Assets to reduce memory usage. Loaded Objects now: 1583.
Total: 1.426700 ms (FindLiveObjects: 0.100800 ms CreateObjectMapping: 0.030900 ms MarkObjects: 1.245100 ms  DeleteObjects: 0.049200 ms)

========================================================================
Received Import Request.
  path: Assets/Main Scene/RubysAdventure.unity
  artifactKey: Guid(4d06532829513694b91977a47cfdcb3a) Importer(815301076,1909f56bfc062723c751e8b465ee728b)
Start importing Assets/Main Scene/RubysAdventure.unity using Guid(4d06532829513694b91977a47cfdcb3a) Importer(815301076,1909f56bfc062723c751e8b465ee728b)  -> (artifact id: '7152878a0e01900fc34dac50892b2a51') in 0.011832 seconds
  Import took 0.013508 seconds .

========================================================================
Received Prepare
Registering precompiled user dll's ...
Registered in 0.001000 seconds.
Begin MonoManager ReloadAssembly
Native extension for WindowsStandalone target not found
Refreshing native plugins compatible for Editor in 0.28 ms, found 0 plugins.
Preloading 0 native plugins for Editor in 0.00 ms.
Invalid AssetDatabase path: /Editor/EditorResources/cm_logo_sm.png. Use path relative to the project folder.
UnityEngine.StackTraceUtility:ExtractStackTrace ()
UnityEditor.AssetDatabase:LoadAssetAtPath<UnityEngine.Texture2D> (string)
Cinemachine.Editor.CinemachineSettings:get_CinemachineLogoTexture () (at Library/PackageCache/com.unity.cinemachine@2.6.4/Editor/Windows/CinemachineSettings.cs:205)
Cinemachine.Editor.CinemachineSettings:.cctor () (at Library/PackageCache/com.unity.cinemachine@2.6.4/Editor/Windows/CinemachineSettings.cs:237)
Cinemachine.CinemachineColliderPrefs:.cctor () (at Library/PackageCache/com.unity.cinemachine@2.6.4/Editor/Windows/CinemachineColliderPrefs.cs:61)
System.Runtime.CompilerServices.RuntimeHelpers:RunClassConstructor (System.RuntimeTypeHandle)
UnityEditor.EditorAssemblies:ProcessInitializeOnLoadAttributes (System.Type[])

[Library/PackageCache/com.unity.cinemachine@2.6.4/Editor/Windows/CinemachineSettings.cs line 205]

Invoked RoslynAnalysisRunner static constructor.
RoslynAnalysisRunner will not be running.
RoslynAnalysisRunner has terminated.
Mono: successfully reloaded assembly
- Completed reload, in  0.593 seconds
Platform modules already initialized, skipping
Refreshing native plugins compatible for Editor in 0.30 ms, found 0 plugins.
Preloading 0 native plugins for Editor in 0.00 ms.
Unloading 1269 Unused Serialized files (Serialized files now loaded: 0)
System memory in use before: 63.9 MB.
System memory in use after: 64.0 MB.

Unloading 5 unused Assets to reduce memory usage. Loaded Objects now: 1731.
Total: 1.380800 ms (FindLiveObjects: 0.123300 ms CreateObjectMapping: 0.038800 ms MarkObjects: 1.182000 ms  DeleteObjects: 0.036000 ms)

========================================================================
Received Prepare
Registering precompiled user dll's ...
Registered in 0.001247 seconds.
Begin MonoManager ReloadAssembly
Native extension for WindowsStandalone target not found
Refreshing native plugins compatible for Editor in 0.31 ms, found 0 plugins.
Preloading 0 native plugins for Editor in 0.00 ms.
Invoked RoslynAnalysisRunner static constructor.
RoslynAnalysisRunner will not be running.
RoslynAnalysisRunner has terminated.
Mono: successfully reloaded assembly
- Completed reload, in  0.636 seconds
Platform modules already initialized, skipping
Refreshing native plugins compatible for Editor in 0.29 ms, found 0 plugins.
Preloading 0 native plugins for Editor in 0.00 ms.
Unloading 1270 Unused Serialized files (Serialized files now loaded: 0)
System memory in use before: 64.1 MB.
System memory in use after: 64.1 MB.

Unloading 6 unused Assets to reduce memory usage. Loaded Objects now: 1735.
Total: 1.341400 ms (FindLiveObjects: 0.119900 ms CreateObjectMapping: 0.036700 ms MarkObjects: 1.148200 ms  DeleteObjects: 0.035900 ms)

========================================================================
Received Prepare
Refreshing native plugins compatible for Editor in 1.03 ms, found 0 plugins.
Preloading 0 native plugins for Editor in 0.00 ms.
Unloading 3 Unused Serialized files (Serialized files now loaded: 0)
System memory in use before: 38.9 MB.
System memory in use after: 39.0 MB.

Unloading 3 unused Assets to reduce memory usage. Loaded Objects now: 1735.
Total: 2.167600 ms (FindLiveObjects: 0.184400 ms CreateObjectMapping: 0.058800 ms MarkObjects: 1.875100 ms  DeleteObjects: 0.047900 ms)

========================================================================
Received Prepare
Refreshing native plugins compatible for Editor in 1.02 ms, found 0 plugins.
Preloading 0 native plugins for Editor in 0.00 ms.
Unloading 3 Unused Serialized files (Serialized files now loaded: 0)
System memory in use before: 38.9 MB.
System memory in use after: 39.0 MB.

Unloading 3 unused Assets to reduce memory usage. Loaded Objects now: 1735.
Total: 1.384000 ms (FindLiveObjects: 0.131800 ms CreateObjectMapping: 0.040900 ms MarkObjects: 1.178000 ms  DeleteObjects: 0.032600 ms)

========================================================================
Received Prepare
Refreshing native plugins compatible for Editor in 1.02 ms, found 0 plugins.
Preloading 0 native plugins for Editor in 0.00 ms.
Unloading 3 Unused Serialized files (Serialized files now loaded: 0)
System memory in use before: 38.9 MB.
System memory in use after: 39.0 MB.

Unloading 3 unused Assets to reduce memory usage. Loaded Objects now: 1735.
Total: 1.234300 ms (FindLiveObjects: 0.098900 ms CreateObjectMapping: 0.031400 ms MarkObjects: 1.075600 ms  DeleteObjects: 0.027500 ms)

========================================================================
Received Prepare
Registering precompiled user dll's ...
Registered in 0.001173 seconds.
Begin MonoManager ReloadAssembly
Native extension for WindowsStandalone target not found
Refreshing native plugins compatible for Editor in 0.28 ms, found 0 plugins.
Preloading 0 native plugins for Editor in 0.00 ms.
Invoked RoslynAnalysisRunner static constructor.
RoslynAnalysisRunner will not be running.
RoslynAnalysisRunner has terminated.
Mono: successfully reloaded assembly
- Completed reload, in  0.688 seconds
Platform modules already initialized, skipping
Refreshing native plugins compatible for Editor in 0.28 ms, found 0 plugins.
Preloading 0 native plugins for Editor in 0.00 ms.
Unloading 1269 Unused Serialized files (Serialized files now loaded: 0)
System memory in use before: 64.1 MB.
System memory in use after: 64.1 MB.

Unloading 6 unused Assets to reduce memory usage. Loaded Objects now: 1738.
Total: 1.435900 ms (FindLiveObjects: 0.115700 ms CreateObjectMapping: 0.035800 ms MarkObjects: 1.248200 ms  DeleteObjects: 0.035400 ms)

========================================================================
Received Prepare
Refreshing native plugins compatible for Editor in 0.96 ms, found 0 plugins.
Preloading 0 native plugins for Editor in 0.00 ms.
Unloading 3 Unused Serialized files (Serialized files now loaded: 0)
System memory in use before: 38.9 MB.
System memory in use after: 39.0 MB.

Unloading 3 unused Assets to reduce memory usage. Loaded Objects now: 1738.
Total: 1.376300 ms (FindLiveObjects: 0.114300 ms CreateObjectMapping: 0.034400 ms MarkObjects: 1.195300 ms  DeleteObjects: 0.031700 ms)

========================================================================
Received Import Request.
  Time since last request: 488.660409 seconds.
  path: Assets/Scripts/EnemyController.cs
  artifactKey: Guid(806807bee4322484489c912f8a4c9398) Importer(815301076,1909f56bfc062723c751e8b465ee728b)
Start importing Assets/Scripts/EnemyController.cs using Guid(806807bee4322484489c912f8a4c9398) Importer(815301076,1909f56bfc062723c751e8b465ee728b)  -> (artifact id: '698ca1d6da15ad6ca31b7d385c3ac413') in 0.184946 seconds
  Import took 0.188249 seconds .

========================================================================
Received Import Request.
  Time since last request: 0.632126 seconds.
  path: Assets/Scripts/DamageZone.cs
  artifactKey: Guid(9cce300665f5e874ab9c6b9fb6996c71) Importer(815301076,1909f56bfc062723c751e8b465ee728b)
Start importing Assets/Scripts/DamageZone.cs using Guid(9cce300665f5e874ab9c6b9fb6996c71) Importer(815301076,1909f56bfc062723c751e8b465ee728b)  -> (artifact id: 'b4e9eabe3922992c455f5670a4e68dec') in 0.004565 seconds
  Import took 0.006505 seconds .

========================================================================
Received Import Request.
  Time since last request: 0.832088 seconds.
  path: Assets/Scripts/RubyController.cs
  artifactKey: Guid(46078fdce69d07a4ca395f9a4cba0647) Importer(815301076,1909f56bfc062723c751e8b465ee728b)
Start importing Assets/Scripts/RubyController.cs using Guid(46078fdce69d07a4ca395f9a4cba0647) Importer(815301076,1909f56bfc062723c751e8b465ee728b)  -> (artifact id: 'e9877bbef29dc9f75cd790f67342f79e') in 0.004566 seconds
  Import took 0.006376 seconds .

========================================================================
Received Import Request.
  Time since last request: 0.000879 seconds.
  path: Assets/Scripts/RubyController.cs
  artifactKey: Guid(46078fdce69d07a4ca395f9a4cba0647) Importer(815301076,1909f56bfc062723c751e8b465ee728b)
Start importing Assets/Scripts/RubyController.cs using Guid(46078fdce69d07a4ca395f9a4cba0647) Importer(815301076,1909f56bfc062723c751e8b465ee728b)  -> (artifact id: 'e9877bbef29dc9f75cd790f67342f79e') in 0.004411 seconds
  Import took 0.006196 seconds .

========================================================================
Received Import Request.
  Time since last request: 0.310318 seconds.
  path: Assets/Scripts/Projectile.cs
  artifactKey: Guid(3c97eb3fe8c1839408f75a93e603b555) Importer(815301076,1909f56bfc062723c751e8b465ee728b)
Start importing Assets/Scripts/Projectile.cs using Guid(3c97eb3fe8c1839408f75a93e603b555) Importer(815301076,1909f56bfc062723c751e8b465ee728b)  -> (artifact id: '2623c89af493ec70dd3ca71e8120a268') in 0.004436 seconds
  Import took 0.006267 seconds .

========================================================================
Received Import Request.
  Time since last request: 32.179225 seconds.
  path: Assets/Scripts/NonPlayerCharacter.cs
  artifactKey: Guid(447108d2ca84ac2488ec951a6329da5c) Importer(815301076,1909f56bfc062723c751e8b465ee728b)
Start importing Assets/Scripts/NonPlayerCharacter.cs using Guid(447108d2ca84ac2488ec951a6329da5c) Importer(815301076,1909f56bfc062723c751e8b465ee728b)  -> (artifact id: '71b0f3a938075b7065e924920c24cf6d') in 0.003552 seconds
  Import took 0.005543 seconds .

========================================================================
Received Prepare
Registering precompiled user dll's ...
Registered in 0.001138 seconds.
Begin MonoManager ReloadAssembly
Native extension for WindowsStandalone target not found
Refreshing native plugins compatible for Editor in 0.33 ms, found 0 plugins.
Preloading 0 native plugins for Editor in 0.00 ms.
Invoked RoslynAnalysisRunner static constructor.
RoslynAnalysisRunner will not be running.
RoslynAnalysisRunner has terminated.
Mono: successfully reloaded assembly
- Completed reload, in  0.638 seconds
Platform modules already initialized, skipping
Refreshing native plugins compatible for Editor in 0.29 ms, found 0 plugins.
Preloading 0 native plugins for Editor in 0.00 ms.
Unloading 1269 Unused Serialized files (Serialized files now loaded: 0)
System memory in use before: 64.1 MB.
System memory in use after: 64.2 MB.

Unloading 6 unused Assets to reduce memory usage. Loaded Objects now: 1741.
Total: 1.297700 ms (FindLiveObjects: 0.113800 ms CreateObjectMapping: 0.033300 ms MarkObjects: 1.114600 ms  DeleteObjects: 0.035100 ms)

========================================================================
Received Import Request.
  Time since last request: 18.406128 seconds.
  path: Assets/Scripts/NonPlayerCharacter.cs
  artifactKey: Guid(447108d2ca84ac2488ec951a6329da5c) Importer(815301076,1909f56bfc062723c751e8b465ee728b)
Start importing Assets/Scripts/NonPlayerCharacter.cs using Guid(447108d2ca84ac2488ec951a6329da5c) Importer(815301076,1909f56bfc062723c751e8b465ee728b)  -> (artifact id: '6adc7d40d2bfd15192ad72e95076525f') in 0.005085 seconds
  Import took 0.006765 seconds .

========================================================================
Received Prepare
Registering precompiled user dll's ...
Registered in 0.001050 seconds.
Begin MonoManager ReloadAssembly
Native extension for WindowsStandalone target not found
Refreshing native plugins compatible for Editor in 0.35 ms, found 0 plugins.
Preloading 0 native plugins for Editor in 0.00 ms.
Invoked RoslynAnalysisRunner static constructor.
RoslynAnalysisRunner will not be running.
RoslynAnalysisRunner has terminated.
Mono: successfully reloaded assembly
- Completed reload, in  0.680 seconds
Platform modules already initialized, skipping
Refreshing native plugins compatible for Editor in 0.28 ms, found 0 plugins.
Preloading 0 native plugins for Editor in 0.00 ms.
Unloading 1269 Unused Serialized files (Serialized files now loaded: 0)
System memory in use before: 64.1 MB.
System memory in use after: 64.2 MB.

Unloading 6 unused Assets to reduce memory usage. Loaded Objects now: 1744.
Total: 1.397400 ms (FindLiveObjects: 0.119200 ms CreateObjectMapping: 0.035900 ms MarkObjects: 1.204600 ms  DeleteObjects: 0.036800 ms)

========================================================================
Received Prepare
Refreshing native plugins compatible for Editor in 0.89 ms, found 0 plugins.
Preloading 0 native plugins for Editor in 0.00 ms.
Unloading 3 Unused Serialized files (Serialized files now loaded: 0)
System memory in use before: 38.9 MB.
System memory in use after: 39.0 MB.

Unloading 3 unused Assets to reduce memory usage. Loaded Objects now: 1744.
Total: 1.657700 ms (FindLiveObjects: 0.137400 ms CreateObjectMapping: 0.039800 ms MarkObjects: 1.439600 ms  DeleteObjects: 0.040000 ms)

AssetImportWorkerClient::OnTransportError - code=2 error=End of file
